[2025-10-14 17:19:27] [HEADER] Starting HYCU M365 Sizing Tool v1.0
[2025-10-14 17:19:27] [HEADER] =====================================
[2025-10-14 17:19:27] [INFO] Checking for required PowerShell modules...
[2025-10-14 17:19:27] [SUCCESS] Microsoft.Graph.Reports is already installed
[2025-10-14 17:19:27] [SUCCESS] Microsoft.Graph.Users is already installed
[2025-10-14 17:19:27] [SUCCESS] Microsoft.Graph.Groups is already installed
[2025-10-14 17:19:27] [SUCCESS] Microsoft.Graph.Teams is already installed
[2025-10-14 17:19:28] [SUCCESS] Microsoft.Graph.Sites is already installed
[2025-10-14 17:19:28] [SUCCESS] ExchangeOnlineManagement is already installed
[2025-10-14 17:19:28] [INFO] Authenticating to Microsoft Graph API...
[2025-10-14 17:19:34] [SUCCESS] Connected using interactive authentication
[2025-10-14 17:19:34] [INFO] Gathering tenant information...
[2025-10-14 17:19:37] [SUCCESS] Tenant: MSFT
[2025-10-14 17:19:37] [INFO] Gathering user statistics...
[2025-10-14 17:19:39] [SUCCESS] Total Users: 95 (Enabled: 87, Guests: 10)
[2025-10-14 17:19:39] [INFO] Gathering Exchange Online usage data...
[2025-10-14 17:19:43] [INFO] Exchange Debug: Found 69 mailboxes, Total size: 59.303467111662 GB
[2025-10-14 17:19:43] [SUCCESS] Exchange: 59.3 GB across 69 mailboxes
[2025-10-14 17:19:43] [SUCCESS] Top mailbox: C1403AC6C3CE2B07EC09382CF6C82159 (0.09 GB)
[2025-10-14 17:19:43] [INFO] Gathering OneDrive usage data...
[2025-10-14 17:19:45] [INFO] OneDrive Debug: Found 57 accounts, Total size: 16.5870158700272 GB
[2025-10-14 17:19:45] [SUCCESS] OneDrive: 16.59 GB across 57 accounts
[2025-10-14 17:19:45] [SUCCESS] Top OneDrive: 927E927BB991E835D804C82FDC81F53C (0 GB)
[2025-10-14 17:19:45] [INFO] Gathering SharePoint usage data...
[2025-10-14 17:19:46] [INFO] SharePoint Debug: Found 744 sites, Total size: 75.4998238543049 GB
[2025-10-14 17:19:46] [SUCCESS] SharePoint: 75.5 GB across 744 sites
[2025-10-14 17:19:46] [SUCCESS] Top site: 7A2878369DCC5EC4E1B0C31BCAEAC9E1 (0 GB)
[2025-10-14 17:19:46] [INFO] Gathering Microsoft Teams usage data...
[2025-10-14 17:19:50] [INFO] Teams found: 38
[2025-10-14 17:19:50] [SUCCESS] Teams: 38 teams (channel counting skipped for performance)
[2025-10-14 17:19:50] [WARNING] Private Chat Cost: $0.00075 per message ($750 per million)
[2025-10-14 17:19:50] [INFO] Gathering Microsoft Planner usage data...
[2025-10-14 17:20:22] [SUCCESS] Planner: 1 plans with 12 tasks
[2025-10-14 17:20:22] [INFO] Gathering Microsoft 365 Groups usage data...
[2025-10-14 17:20:23] [SUCCESS] Groups: 59 total (Distribution: 0, Security: 0, Unified: 59)
[2025-10-14 17:20:23] [INFO] Gathering sites and OneDrive counts...
[2025-10-14 17:20:25] [SUCCESS] OneDrive Accounts: 57
[2025-10-14 17:20:25] [SUCCESS] SharePoint Sites: 744
[2025-10-14 17:20:25] [SUCCESS] Teams Sites: 38
[2025-10-14 17:20:25] [SUCCESS] Total Sites: 782
[2025-10-14 17:20:25] [INFO] Calculating growth analysis...
[2025-10-14 17:20:25] [SUCCESS] Current total size: 151.39 GB
[2025-10-14 17:20:25] [INFO] Analyzing Microsoft 365 licensing...
[2025-10-14 17:20:25] [INFO] Power Automate Free Users: 16 (excluded from HYCU licensing)
[2025-10-14 17:20:25] [INFO] Analyzing mailbox types and archive mailboxes...
[2025-10-14 17:20:26] [SUCCESS] Total Mailboxes: 69
[2025-10-14 17:20:26] [SUCCESS] Regular Mailboxes: 69
[2025-10-14 17:20:26] [SUCCESS] Shared Mailboxes: 0
[2025-10-14 17:20:26] [SUCCESS] Resource Mailboxes: 0
[2025-10-14 17:20:26] [SUCCESS] Archive Mailboxes: 17 (24.6%)
[2025-10-14 17:20:26] [WARNING] Excess Archive Mailboxes: 3 (over 20% threshold)
[2025-10-14 17:20:26] [SUCCESS] Licensed Users: 25
[2025-10-14 17:20:26] [SUCCESS] HYCU Entitlement: 1250 GB
[2025-10-14 17:20:26] [SUCCESS] Current Usage: 151.39 GB
[2025-10-14 17:20:26] [INFO] Generating backup recommendations...
[2025-10-14 17:20:26] [SUCCESS] Backup recommendations generated
[2025-10-14 17:20:26] [INFO] Generating cost analysis...
[2025-10-14 17:20:26] [SUCCESS] Storage: 151.39 GB → 90.834 GB (compressed) → 109.0008 GB (with growth)
[2025-10-14 17:20:26] [SUCCESS] Monthly Storage Cost: 2.18 (([math]::Round(26.160192, 2)) annually)
[2025-10-14 17:20:26] [SUCCESS] Worker Node Cost: 1.18/month (([math]::Round(14.1928125, 2)) annually) - based on 0.15 TB tenant size
[2025-10-14 17:20:26] [SUCCESS] Per-User Costs: Storage=([math]::Round(0.0250576551724138, 2)), Worker Node=([math]::Round(0.0135946479885057, 2)), Total=([math]::Round(0.0386523031609195, 2))
[2025-10-14 17:20:26] [SUCCESS] Total Monthly Cost: 3.36 (([math]::Round(40.3530045, 2)) annually)
[2025-10-14 17:20:26] [INFO] Generating HTML report...
[2025-10-14 17:20:26] [SUCCESS] Report generated: ./output/HYCU-M365-Sizing-2025-10-14-1720.html
[2025-10-14 17:20:26] [HEADER] =====================================
[2025-10-14 17:20:26] [SUCCESS] Analysis completed successfully!
[2025-10-14 17:20:26] [INFO] Duration: 0.98 minutes
[2025-10-14 17:20:26] [SUCCESS] Report saved to: ./output/HYCU-M365-Sizing-2025-10-14-1720.html
[2025-10-14 17:20:26] [HEADER] =====================================
[2025-10-14 17:20:26] [INFO] Disconnected from Microsoft Graph
