[2025-10-15 10:59:59] [HEADER] Starting HYCU M365 Sizing Tool v1.0
[2025-10-15 10:59:59] [HEADER] =====================================
[2025-10-15 10:59:59] [INFO] Checking for required PowerShell modules...
[2025-10-15 10:59:59] [SUCCESS] Microsoft.Graph.Reports is already installed
[2025-10-15 10:59:59] [SUCCESS] Microsoft.Graph.Users is already installed
[2025-10-15 10:59:59] [SUCCESS] Microsoft.Graph.Groups is already installed
[2025-10-15 10:59:59] [SUCCESS] Microsoft.Graph.Teams is already installed
[2025-10-15 10:59:59] [SUCCESS] Microsoft.Graph.Sites is already installed
[2025-10-15 11:00:00] [SUCCESS] ExchangeOnlineManagement is already installed
[2025-10-15 11:00:00] [INFO] Authenticating to Microsoft Graph API...
[2025-10-15 11:00:13] [SUCCESS] Connected using interactive authentication
[2025-10-15 11:00:13] [INFO] Gathering tenant information...
[2025-10-15 11:00:16] [SUCCESS] Tenant: HYCU INC
[2025-10-15 11:00:16] [INFO] Gathering user statistics...
[2025-10-15 11:00:21] [SUCCESS] Total Users: 18 (Enabled: 17, Guests: 1)
[2025-10-15 11:00:21] [INFO] Gathering Exchange Online usage data...
[2025-10-15 11:00:25] [INFO] Exchange Debug: Found 6 mailboxes, Total size: 1.99779472500086 GB
[2025-10-15 11:00:25] [SUCCESS] Exchange: 2 GB across 6 mailboxes
[2025-10-15 11:00:25] [SUCCESS] Top mailbox: Bella Gibson (0.81 GB)
[2025-10-15 11:00:25] [INFO] Gathering OneDrive usage data...
[2025-10-15 11:00:26] [INFO] OneDrive Debug: Found 6 accounts, Total size: 1.85979739017785 GB
[2025-10-15 11:00:27] [SUCCESS] OneDrive: 1.86 GB across 6 accounts
[2025-10-15 11:00:27] [SUCCESS] Top OneDrive: Harry Young (0.01 GB)
[2025-10-15 11:00:27] [INFO] Gathering SharePoint usage data...
[2025-10-15 11:00:27] [INFO] SharePoint Debug: Found 53 sites, Total size: 1.22891341429204 GB
[2025-10-15 11:00:27] [SUCCESS] SharePoint: 1.23 GB across 53 sites
[2025-10-15 11:00:27] [SUCCESS] Top site: Bella Gibson (0 GB)
[2025-10-15 11:00:27] [INFO] Gathering Microsoft Teams usage data...
[2025-10-15 11:00:41] [INFO] Teams found: 33
[2025-10-15 11:00:41] [SUCCESS] Teams: 33 teams
[2025-10-15 11:00:41] [WARNING] Private Chat Cost: $0.00075 per message ($750 per million)
[2025-10-15 11:00:41] [INFO] Gathering Microsoft Planner usage data...
[2025-10-15 11:00:47] [INFO] Sampling Planner data from 5 groups...
[2025-10-15 11:00:53] [SUCCESS] Planner: 0 plans with 0 tasks
[2025-10-15 11:00:53] [INFO] Gathering Microsoft 365 Groups usage data...
[2025-10-15 11:00:53] [SUCCESS] Groups: 38 total
[2025-10-15 11:00:53] [INFO] Gathering sites and OneDrive counts...
[2025-10-15 11:00:56] [SUCCESS] OneDrive Accounts: 6
[2025-10-15 11:00:56] [SUCCESS] SharePoint Sites: 53
[2025-10-15 11:00:56] [SUCCESS] Teams Sites: 33
[2025-10-15 11:00:56] [SUCCESS] Total Sites: 86
[2025-10-15 11:00:56] [INFO] Calculating growth analysis...
[2025-10-15 11:00:56] [SUCCESS] Current total size: 5.09 GB
[2025-10-15 11:00:56] [INFO] Analyzing Microsoft 365 licensing...
[2025-10-15 11:00:57] [INFO] Analyzing mailbox types and shared mailboxes...
[2025-10-15 11:00:59] [SUCCESS] Total Mailboxes: 6
[2025-10-15 11:00:59] [SUCCESS] Regular Mailboxes: 6
[2025-10-15 11:00:59] [SUCCESS] Shared Mailboxes: 0
[2025-10-15 11:00:59] [SUCCESS] Resource Mailboxes: 0
[2025-10-15 11:00:59] [SUCCESS] 20% Allowance: 0 shared mailboxes (20% of 0 licensed users)
[2025-10-15 11:00:59] [SUCCESS] Licensed Users: 0
[2025-10-15 11:00:59] [SUCCESS] HYCU Entitlement: 0 GB
[2025-10-15 11:00:59] [SUCCESS] Current Usage: 5.09 GB
[2025-10-15 11:00:59] [WARNING] Additional Licenses Needed: 1
[2025-10-15 11:00:59] [INFO] Generating backup recommendations...
[2025-10-15 11:00:59] [SUCCESS] Backup recommendations generated
[2025-10-15 11:00:59] [INFO] Generating cost analysis...
[2025-10-15 11:00:59] [SUCCESS] Storage: 5.09 GB → 3.054 GB (compressed) → 3.6648 GB (with growth)
[2025-10-15 11:00:59] [SUCCESS] Monthly Storage Cost: 0.07 (([math]::Round(0.879552, 2)) annually)
[2025-10-15 11:00:59] [SUCCESS] Worker Node Cost: 0.04/month (([math]::Round(0.4771875, 2)) annually) - based on 0 TB tenant size
[2025-10-15 11:00:59] [SUCCESS] Per-User Costs: Storage=([math]::Round(0.00431152941176471, 2)), Worker Node=([math]::Round(0.00233915441176471, 2)), Total=([math]::Round(0.00665068382352941, 2))
[2025-10-15 11:00:59] [SUCCESS] Total Monthly Cost: 0.11 (([math]::Round(1.3567395, 2)) annually)
[2025-10-15 11:00:59] [INFO] Generating HTML report...
[2025-10-15 11:00:59] [SUCCESS] Report generated: output/HYCU-M365-Sizing-2025-10-15-1100.html
[2025-10-15 11:00:59] [HEADER] =====================================
[2025-10-15 11:00:59] [SUCCESS] Analysis completed successfully!
[2025-10-15 11:00:59] [INFO] Duration: 1.00 minutes
[2025-10-15 11:00:59] [SUCCESS] Report saved to: output/HYCU-M365-Sizing-2025-10-15-1100.html
[2025-10-15 11:00:59] [HEADER] =====================================
[2025-10-15 11:00:59] [INFO] Disconnected from Microsoft Graph
