[2025-10-14 18:13:37] [HEADER] Starting HYCU M365 Sizing Tool v1.0
[2025-10-14 18:13:37] [HEADER] =====================================
[2025-10-14 18:13:37] [INFO] Checking for required PowerShell modules...
[2025-10-14 18:13:37] [SUCCESS] Microsoft.Graph.Reports is already installed
[2025-10-14 18:13:37] [SUCCESS] Microsoft.Graph.Users is already installed
[2025-10-14 18:13:37] [SUCCESS] Microsoft.Graph.Groups is already installed
[2025-10-14 18:13:37] [SUCCESS] Microsoft.Graph.Teams is already installed
[2025-10-14 18:13:37] [SUCCESS] Microsoft.Graph.Sites is already installed
[2025-10-14 18:13:37] [SUCCESS] ExchangeOnlineManagement is already installed
[2025-10-14 18:13:37] [INFO] Authenticating to Microsoft Graph API...
[2025-10-14 18:15:37] [SUCCESS] Connected using interactive authentication
[2025-10-14 18:15:37] [INFO] Gathering tenant information...
[2025-10-14 18:15:38] [SUCCESS] Tenant: 
[2025-10-14 18:15:38] [INFO] Gathering user statistics...
[2025-10-14 18:15:39] [SUCCESS] Total Users: 0 (Enabled: 0, Guests: 0)
[2025-10-14 18:15:39] [INFO] Gathering Exchange Online usage data...
[2025-10-14 18:15:40] [INFO] Exchange Debug: Found 0 mailboxes, Total size: 0 GB
[2025-10-14 18:15:40] [ERROR] Failed to get Exchange usage: Attempted to divide by zero.
[2025-10-14 18:15:40] [INFO] Gathering OneDrive usage data...
[2025-10-14 18:15:40] [INFO] OneDrive Debug: Found 0 accounts, Total size: 0 GB
[2025-10-14 18:15:40] [ERROR] Failed to get OneDrive usage: Attempted to divide by zero.
[2025-10-14 18:15:40] [INFO] Gathering SharePoint usage data...
[2025-10-14 18:15:40] [INFO] SharePoint Debug: Found 0 sites, Total size: 0 GB
[2025-10-14 18:15:40] [ERROR] Failed to get SharePoint usage: Attempted to divide by zero.
[2025-10-14 18:15:40] [INFO] Gathering Microsoft Teams usage data...
[2025-10-14 18:15:44] [INFO] Teams found: 0
[2025-10-14 18:15:44] [SUCCESS] Teams: 0 teams
[2025-10-14 18:15:44] [WARNING] Private Chat Cost: $0.00075 per message ($750 per million)
[2025-10-14 18:15:44] [INFO] Gathering Microsoft Planner usage data...
[2025-10-14 18:15:46] [INFO] Sampling Planner data from 0 groups...
[2025-10-14 18:15:46] [SUCCESS] Planner: 0 plans with 0 tasks
[2025-10-14 18:15:46] [INFO] Gathering Microsoft 365 Groups usage data...
[2025-10-14 18:15:46] [SUCCESS] Groups: 0 total
[2025-10-14 18:15:46] [INFO] Gathering sites and OneDrive counts...
[2025-10-14 18:15:46] [SUCCESS] OneDrive Accounts: 0
[2025-10-14 18:15:46] [SUCCESS] SharePoint Sites: 0
[2025-10-14 18:15:46] [SUCCESS] Teams Sites: 0
[2025-10-14 18:15:46] [SUCCESS] Total Sites: 0
[2025-10-14 18:15:46] [INFO] Calculating growth analysis...
[2025-10-14 18:15:46] [SUCCESS] Current total size: 0 GB
[2025-10-14 18:15:46] [INFO] Analyzing Microsoft 365 licensing...
[2025-10-14 18:15:46] [INFO] Analyzing mailbox types and shared mailboxes...
[2025-10-14 18:15:46] [SUCCESS] Total Mailboxes: 0
[2025-10-14 18:15:46] [SUCCESS] Regular Mailboxes: 0
[2025-10-14 18:15:46] [SUCCESS] Shared Mailboxes: 0
[2025-10-14 18:15:46] [SUCCESS] Resource Mailboxes: 0
[2025-10-14 18:15:46] [SUCCESS] 20% Allowance: 0 shared mailboxes (20% of 0 licensed users)
[2025-10-14 18:15:46] [SUCCESS] Licensed Users: 0
[2025-10-14 18:15:46] [SUCCESS] HYCU Entitlement: 0 GB
[2025-10-14 18:15:46] [SUCCESS] Current Usage: 0 GB
[2025-10-14 18:15:46] [INFO] Generating backup recommendations...
[2025-10-14 18:15:46] [SUCCESS] Backup recommendations generated
[2025-10-14 18:15:46] [INFO] Generating cost analysis...
[2025-10-14 18:15:46] [WARNING] No storage data available - providing estimated costs based on user count
[2025-10-14 18:15:46] [INFO] Estimated storage: 0 GB (5 GB per user)
[2025-10-14 18:15:46] [ERROR] Failed to generate cost analysis: Attempted to divide by zero.
[2025-10-14 18:15:46] [INFO] Generating HTML report...
[2025-10-14 18:15:46] [ERROR] Script execution failed: Attempted to divide by zero.
[2025-10-14 18:15:46] [INFO] Disconnected from Microsoft Graph
[2025-10-14 18:15:46] [ERROR] PowerShell Error: Attempted to divide by zero.
Exception Details: System.DivideByZeroException: Attempted to divide by zero.
