[2025-10-14 17:30:30] [HEADER] Starting HYCU M365 Sizing Tool v1.0
[2025-10-14 17:30:30] [HEADER] =====================================
[2025-10-14 17:30:30] [INFO] Checking for required PowerShell modules...
[2025-10-14 17:30:30] [SUCCESS] Microsoft.Graph.Reports is already installed
[2025-10-14 17:30:30] [SUCCESS] Microsoft.Graph.Users is already installed
[2025-10-14 17:30:30] [SUCCESS] Microsoft.Graph.Groups is already installed
[2025-10-14 17:30:31] [SUCCESS] Microsoft.Graph.Teams is already installed
[2025-10-14 17:30:31] [SUCCESS] Microsoft.Graph.Sites is already installed
[2025-10-14 17:30:31] [SUCCESS] ExchangeOnlineManagement is already installed
[2025-10-14 17:30:31] [INFO] Authenticating to Microsoft Graph API...
[2025-10-14 17:30:38] [SUCCESS] Connected using interactive authentication
[2025-10-14 17:30:38] [INFO] Gathering tenant information...
[2025-10-14 17:30:40] [SUCCESS] Tenant: MSFT
[2025-10-14 17:30:40] [INFO] Gathering user statistics...
[2025-10-14 17:30:43] [SUCCESS] Total Users: 95 (Enabled: 87, Guests: 10)
[2025-10-14 17:30:43] [INFO] Gathering Exchange Online usage data...
[2025-10-14 17:30:47] [INFO] Exchange Debug: Found 69 mailboxes, Total size: 59.303467111662 GB
[2025-10-14 17:30:47] [SUCCESS] Exchange: 59.3 GB across 69 mailboxes
[2025-10-14 17:30:47] [SUCCESS] Top mailbox: C1403AC6C3CE2B07EC09382CF6C82159 (0.09 GB)
[2025-10-14 17:30:47] [INFO] Gathering OneDrive usage data...
[2025-10-14 17:30:48] [INFO] OneDrive Debug: Found 57 accounts, Total size: 16.5870158700272 GB
[2025-10-14 17:30:48] [SUCCESS] OneDrive: 16.59 GB across 57 accounts
[2025-10-14 17:30:48] [SUCCESS] Top OneDrive: 927E927BB991E835D804C82FDC81F53C (0 GB)
[2025-10-14 17:30:48] [INFO] Gathering SharePoint usage data...
[2025-10-14 17:30:49] [INFO] SharePoint Debug: Found 744 sites, Total size: 75.4998238543049 GB
[2025-10-14 17:30:49] [SUCCESS] SharePoint: 75.5 GB across 744 sites
[2025-10-14 17:30:49] [SUCCESS] Top site: 7A2878369DCC5EC4E1B0C31BCAEAC9E1 (0 GB)
[2025-10-14 17:30:49] [INFO] Gathering Microsoft Teams usage data...
[2025-10-14 17:30:52] [INFO] Teams found: 38
[2025-10-14 17:30:52] [SUCCESS] Teams: 38 teams
[2025-10-14 17:30:52] [WARNING] Private Chat Cost: $0.00075 per message ($750 per million)
[2025-10-14 17:30:52] [INFO] Gathering Microsoft Planner usage data...
[2025-10-14 17:30:54] [INFO] Sampling Planner data from 5 groups...
[2025-10-14 17:30:57] [SUCCESS] Planner: 0 plans with 0 tasks
[2025-10-14 17:30:57] [INFO] Gathering Microsoft 365 Groups usage data...
[2025-10-14 17:30:58] [SUCCESS] Groups: 59 total
[2025-10-14 17:30:58] [INFO] Gathering sites and OneDrive counts...
[2025-10-14 17:31:01] [SUCCESS] OneDrive Accounts: 57
[2025-10-14 17:31:01] [SUCCESS] SharePoint Sites: 744
[2025-10-14 17:31:01] [SUCCESS] Teams Sites: 38
[2025-10-14 17:31:01] [SUCCESS] Total Sites: 782
[2025-10-14 17:31:01] [INFO] Calculating growth analysis...
[2025-10-14 17:31:01] [SUCCESS] Current total size: 151.39 GB
[2025-10-14 17:31:01] [INFO] Analyzing Microsoft 365 licensing...
[2025-10-14 17:31:02] [INFO] Power Automate Free Users: 16 (excluded from HYCU licensing)
[2025-10-14 17:31:02] [INFO] Analyzing mailbox types and archive mailboxes...
[2025-10-14 17:31:03] [SUCCESS] Total Mailboxes: 0
[2025-10-14 17:31:03] [SUCCESS] Regular Mailboxes: 0
[2025-10-14 17:31:03] [SUCCESS] Shared Mailboxes: 0
[2025-10-14 17:31:03] [SUCCESS] Resource Mailboxes: 0
[2025-10-14 17:31:03] [SUCCESS] Archive Mailboxes: 0 (0%)
[2025-10-14 17:31:03] [SUCCESS] Licensed Users: 25
[2025-10-14 17:31:03] [SUCCESS] HYCU Entitlement: 1250 GB
[2025-10-14 17:31:03] [SUCCESS] Current Usage: 151.39 GB
[2025-10-14 17:31:03] [INFO] Generating backup recommendations...
[2025-10-14 17:31:03] [SUCCESS] Backup recommendations generated
[2025-10-14 17:31:03] [INFO] Generating cost analysis...
[2025-10-14 17:31:03] [SUCCESS] Storage: 151.39 GB → 90.834 GB (compressed) → 109.0008 GB (with growth)
[2025-10-14 17:31:03] [SUCCESS] Monthly Storage Cost: 2.18 (([math]::Round(26.160192, 2)) annually)
[2025-10-14 17:31:03] [SUCCESS] Worker Node Cost: 1.18/month (([math]::Round(14.1928125, 2)) annually) - based on 0.15 TB tenant size
[2025-10-14 17:31:03] [SUCCESS] Per-User Costs: Storage=([math]::Round(0.0250576551724138, 2)), Worker Node=([math]::Round(0.0135946479885057, 2)), Total=([math]::Round(0.0386523031609195, 2))
[2025-10-14 17:31:03] [SUCCESS] Total Monthly Cost: 3.36 (([math]::Round(40.3530045, 2)) annually)
[2025-10-14 17:31:03] [INFO] Generating HTML report...
[2025-10-14 17:31:03] [SUCCESS] Report generated: ./output/HYCU-M365-Sizing-2025-10-14-1731.html
[2025-10-14 17:31:03] [HEADER] =====================================
[2025-10-14 17:31:03] [SUCCESS] Analysis completed successfully!
[2025-10-14 17:31:03] [INFO] Duration: 0.54 minutes
[2025-10-14 17:31:03] [SUCCESS] Report saved to: ./output/HYCU-M365-Sizing-2025-10-14-1731.html
[2025-10-14 17:31:03] [HEADER] =====================================
[2025-10-14 17:31:03] [INFO] Disconnected from Microsoft Graph
